<?xml version="1.0" encoding="UTF-8"?>
<!-- Generated by org.testng.reporters.JUnitReportReporter -->
<testsuite skipped="0" hostname="LAPTOP-56S86DOF" name="com.gth.AppTest" tests="2" failures="0" timestamp="2022-04-21T09:08:08 IST" time="0.114" errors="0">
  <testcase name="testlogin2" time="0.002" classname="com.gth.AppTest"/>
  <system-out/>
  <testcase name="testlogin1" time="0.112" classname="com.gth.AppTest"/>
  <system-out/>
</testsuite> <!-- com.gth.AppTest -->
